2025-07-02 10:46:18,879 [email_reader] INFO: ===== Email check cycle began =====
2025-07-02 10:46:18,880 [email_reader] INFO: Last processed time loaded: 2025-07-02T10:21:54Z
2025-07-02 10:46:19,132 [email_reader] INFO: Email IDs loaded.
2025-07-02 10:46:20,203 [email_reader] INFO: ===== Email check cycle finished =====
2025-07-02 10:51:50,588 [email_reader] INFO: ===== Email check cycle began =====
2025-07-02 10:51:50,589 [email_reader] INFO: Last processed time loaded: 2025-07-02T15:21:54Z
2025-07-02 10:51:50,732 [email_reader] INFO: 0 email IDs loaded.
2025-07-02 10:51:50,733 [email_reader] INFO: No new emails.
2025-07-02 10:51:50,733 [email_reader] INFO: ===== Email check cycle finished =====
2025-07-02 10:52:14,787 [email_reader] INFO: ===== Email check cycle began =====
2025-07-02 10:52:14,787 [email_reader] INFO: Last processed time loaded: 2025-07-02T10:21:54Z
2025-07-02 10:52:15,143 [email_reader] INFO: 6 email IDs loaded.
2025-07-02 10:52:15,713 [email_reader] INFO: ===== Email check cycle finished =====
2025-07-02 10:52:51,977 [email_reader] INFO: ===== Email check cycle began =====
2025-07-02 10:52:51,978 [email_reader] INFO: Last processed time loaded: 2025-07-02T15:21:54Z
2025-07-02 10:52:52,076 [email_reader] INFO: 0 email IDs loaded.
2025-07-02 10:52:52,076 [email_reader] INFO: No new emails.
2025-07-02 10:52:52,076 [email_reader] INFO: ===== Email check cycle finished =====
2025-07-02 10:53:03,545 [email_reader] INFO: ===== Email check cycle began =====
2025-07-02 10:53:03,545 [email_reader] INFO: Last processed time loaded: 2025-07-02T10:21:54Z
2025-07-02 10:53:03,760 [email_reader] INFO: 6 email IDs loaded.
2025-07-02 10:53:04,346 [email_reader] INFO: ===== Email check cycle finished =====
2025-07-02 10:54:10,290 [email_reader] INFO: ===== Email check cycle began =====
2025-07-02 10:54:10,290 [email_reader] INFO: Last processed time loaded: 2025-07-02T15:21:54Z
2025-07-02 10:54:10,436 [email_reader] INFO: 0 email IDs loaded.
2025-07-02 10:54:10,437 [email_reader] INFO: No new emails.
2025-07-02 10:54:10,437 [email_reader] INFO: ===== Email check cycle finished =====
2025-07-02 10:54:18,691 [email_reader] INFO: ===== Email check cycle began =====
2025-07-02 10:54:18,691 [email_reader] INFO: Last processed time loaded: 2025-07-02T10:21:54Z
2025-07-02 10:54:18,887 [email_reader] INFO: 6 email IDs loaded.
2025-07-02 10:54:19,504 [email_reader] INFO: ===== Email check cycle finished =====
2025-07-02 10:54:59,368 [email_reader] INFO: ===== Email check cycle began =====
2025-07-02 10:54:59,369 [email_reader] INFO: Last processed time loaded: 2025-07-02T15:21:54Z
2025-07-02 10:54:59,539 [email_reader] INFO: 2 email IDs loaded.
2025-07-02 10:54:59,744 [email_reader] INFO: ===== Email check cycle finished =====
2025-07-02 10:56:52,738 [email_reader] INFO: ===== Email check cycle began =====
2025-07-02 10:56:52,739 [email_reader] INFO: Last processed time loaded: 2025-07-02T10:54:56Z
2025-07-02 10:56:52,941 [email_reader] INFO: 8 email IDs loaded.
2025-07-02 10:56:53,754 [email_reader] INFO: ===== Email check cycle finished =====
2025-07-02 10:58:25,244 [email_reader] INFO: ===== Email check cycle began =====
2025-07-02 10:58:25,245 [email_reader] INFO: Last processed time loaded: 2025-07-02T10:54:56Z
2025-07-02 10:58:25,401 [email_reader] INFO: 8 email IDs loaded.
2025-07-02 10:58:26,255 [email_reader] INFO: ===== Email check cycle finished =====
2025-07-02 11:01:12,668 [email_reader] INFO: ===== Email check cycle began =====
2025-07-02 11:01:12,669 [email_reader] INFO: Last processed time loaded: 2025-07-02T15:54:56Z
2025-07-02 11:01:13,561 [email_reader] INFO: 0 email IDs loaded.
2025-07-02 11:01:13,562 [email_reader] INFO: No new emails.
2025-07-02 11:01:13,562 [email_reader] INFO: ===== Email check cycle finished =====
2025-07-02 11:01:22,449 [email_reader] INFO: ===== Email check cycle began =====
2025-07-02 11:01:22,449 [email_reader] INFO: Last processed time loaded: 2025-07-02T10:54:56Z
2025-07-02 11:01:23,296 [email_reader] INFO: 8 email IDs loaded.
2025-07-02 11:01:25,535 [email_reader] INFO: ===== Email check cycle finished =====
2025-07-02 11:02:38,373 [email_reader] INFO: ===== Email check cycle began =====
2025-07-02 11:02:38,373 [email_reader] INFO: Last processed time loaded: 2025-07-02T10:54:56Z
2025-07-02 11:02:38,571 [email_reader] INFO: 8 email IDs loaded.
2025-07-02 11:02:39,369 [email_reader] INFO: ===== Email check cycle finished =====
2025-07-02 11:04:11,333 [email_reader] INFO: ===== Email check cycle began =====
2025-07-02 11:04:11,334 [email_reader] INFO: Last processed time loaded: 2025-07-02T10:54:56Z
2025-07-02 11:04:11,566 [email_reader] INFO: 8 email IDs loaded.
2025-07-02 11:04:12,702 [email_reader] INFO: ===== Email check cycle finished =====
2025-07-02 11:05:18,045 [email_reader] INFO: ===== Email check cycle began =====
2025-07-02 11:05:18,046 [email_reader] INFO: Last processed time loaded: 2025-07-02T10:54:56Z
2025-07-02 11:05:18,292 [email_reader] INFO: 8 email IDs loaded.
2025-07-02 11:05:19,457 [email_reader] INFO: ===== Email check cycle finished =====
2025-07-02 11:06:08,450 [email_reader] INFO: ===== Email check cycle began =====
2025-07-02 11:06:08,451 [email_reader] INFO: Last processed time loaded: 2025-07-02T10:54:56Z
2025-07-02 11:06:08,664 [email_reader] INFO: 8 email IDs loaded.
2025-07-02 11:06:09,399 [email_reader] INFO: ===== Email check cycle finished =====
2025-07-02 11:07:10,721 [email_reader] INFO: ===== Email check cycle began =====
2025-07-02 11:07:10,722 [email_reader] INFO: Last processed time loaded: 2025-07-02T10:54:56Z
2025-07-02 11:07:10,940 [email_reader] INFO: 8 email IDs loaded.
2025-07-02 11:07:11,713 [email_reader] INFO: ===== Email check cycle finished =====
2025-07-02 11:10:58,041 [email_reader] INFO: ===== Email check cycle began =====
2025-07-02 11:10:58,041 [email_reader] INFO: Last processed time loaded: 2025-07-02T10:54:56Z
2025-07-02 11:10:58,259 [email_reader] INFO: 8 email IDs loaded.
2025-07-02 11:10:58,977 [email_reader] INFO: ===== Email check cycle finished =====
