2025-06-30 15:09:42,197 [main] INFO: To sign in, use a web browser to open the page https://microsoft.com/devicelogin and enter the code FN85AH6SW to authenticate.
2025-06-30 15:34:59,074 [main] INFO: To sign in, use a web browser to open the page https://microsoft.com/devicelogin and enter the code BJBK8CY2A to authenticate.
2025-06-30 15:35:26,504 [main] INFO: Access token obtained!
2025-06-30 15:44:15,911 [main] INFO: Old access token obtained!
2025-06-30 15:44:32,007 [main] INFO: Old access token obtained!
2025-06-30 15:45:58,303 [main] INFO: Old access token obtained!
2025-06-30 15:46:33,105 [main] INFO: Old access token obtained!
2025-07-02 10:42:54,085 [main] INFO: Please login using project123@example.com
2025-07-02 10:42:54,086 [main] INFO: To sign in, use a web browser to open the page https://microsoft.com/devicelogin and enter the code E3MLZKLQA to authenticate.
2025-07-02 10:43:47,890 [main] INFO: Please login using project123@example.com
2025-07-02 10:43:47,891 [main] INFO: To sign in, use a web browser to open the page https://microsoft.com/devicelogin and enter the code EFFE7XB5Z to authenticate.
2025-07-02 10:44:05,005 [main] INFO: New access token obtained!
2025-07-02 10:44:54,261 [main] INFO: Please login using project123@example.com
2025-07-02 10:44:54,262 [main] INFO: To sign in, use a web browser to open the page https://microsoft.com/devicelogin and enter the code AEG5NZ7C7 to authenticate.
2025-07-02 10:45:15,241 [main] INFO: New access token obtained!
2025-07-02 10:46:02,444 [main] INFO: Please login using project123@example.com
2025-07-02 10:46:02,445 [main] INFO: To sign in, use a web browser to open the page https://microsoft.com/devicelogin and enter the code E4X4HTZB5 to authenticate.
2025-07-02 10:46:18,801 [main] INFO: New access token obtained!
2025-07-02 10:51:28,163 [main] INFO: Please login using yitong.wu@fii-na.com
2025-07-02 10:51:28,163 [main] INFO: To sign in, use a web browser to open the page https://microsoft.com/devicelogin and enter the code ECAX84JRL to authenticate.
2025-07-02 10:51:50,513 [main] INFO: New access token obtained!
2025-07-02 10:52:14,703 [main] INFO: Old access token obtained!
2025-07-02 10:52:51,900 [main] INFO: Old access token obtained!
2025-07-02 10:53:03,440 [main] INFO: Old access token obtained!
2025-07-02 10:54:10,222 [main] INFO: Old access token obtained!
2025-07-02 10:54:18,590 [main] INFO: Old access token obtained!
2025-07-02 10:54:59,258 [main] INFO: Old access token obtained!
2025-07-02 10:56:52,662 [main] INFO: Old access token obtained!
2025-07-02 10:58:25,168 [main] INFO: Old access token obtained!
2025-07-02 11:01:12,515 [main] INFO: Old access token obtained!
2025-07-02 11:01:22,018 [main] INFO: Old access token obtained!
2025-07-02 11:02:38,247 [main] INFO: Old access token obtained!
2025-07-02 11:04:11,089 [main] INFO: Old access token obtained!
2025-07-02 11:05:17,900 [main] INFO: Old access token obtained!
2025-07-02 11:06:07,887 [main] INFO: Old access token obtained!
2025-07-02 11:07:10,533 [main] INFO: Old access token obtained!
2025-07-02 11:10:57,873 [main] INFO: Old access token obtained!
