2025-07-02 10:46:18,804 [monitor_sender] INFO: ===== Monitor cycle began =====
2025-07-02 10:46:18,806 [monitor_sender] INFO: Timestamp determined.
2025-07-02 10:46:18,878 [monitor_sender] INFO: No updated issues found.
2025-07-02 10:46:18,879 [monitor_sender] INFO: ===== Monitor cycle finished =====
2025-07-02 10:51:50,517 [monitor_sender] INFO: ===== Monitor cycle began =====
2025-07-02 10:51:50,521 [monitor_sender] INFO: Timestamp determined.
2025-07-02 10:51:50,587 [monitor_sender] INFO: No updated issues found.
2025-07-02 10:51:50,587 [monitor_sender] INFO: ===== Monitor cycle finished =====
2025-07-02 10:52:14,704 [monitor_sender] INFO: ===== Monitor cycle began =====
2025-07-02 10:52:14,708 [monitor_sender] INFO: Timestamp determined.
2025-07-02 10:52:14,786 [monitor_sender] INFO: No updated issues found.
2025-07-02 10:52:14,786 [monitor_sender] INFO: ===== Monitor cycle finished =====
2025-07-02 10:52:51,901 [monitor_sender] INFO: ===== Monitor cycle began =====
2025-07-02 10:52:51,904 [monitor_sender] INFO: Timestamp determined.
2025-07-02 10:52:51,976 [monitor_sender] INFO: No updated issues found.
2025-07-02 10:52:51,976 [monitor_sender] INFO: ===== Monitor cycle finished =====
2025-07-02 10:53:03,441 [monitor_sender] INFO: ===== Monitor cycle began =====
2025-07-02 10:53:03,445 [monitor_sender] INFO: Timestamp determined.
2025-07-02 10:53:03,544 [monitor_sender] INFO: No updated issues found.
2025-07-02 10:53:03,544 [monitor_sender] INFO: ===== Monitor cycle finished =====
2025-07-02 10:54:10,223 [monitor_sender] INFO: ===== Monitor cycle began =====
2025-07-02 10:54:10,226 [monitor_sender] INFO: Timestamp determined.
2025-07-02 10:54:10,289 [monitor_sender] INFO: No updated issues found.
2025-07-02 10:54:10,289 [monitor_sender] INFO: ===== Monitor cycle finished =====
2025-07-02 10:54:18,591 [monitor_sender] INFO: ===== Monitor cycle began =====
2025-07-02 10:54:18,594 [monitor_sender] INFO: Timestamp determined.
2025-07-02 10:54:18,690 [monitor_sender] INFO: No updated issues found.
2025-07-02 10:54:18,690 [monitor_sender] INFO: ===== Monitor cycle finished =====
2025-07-02 10:54:59,259 [monitor_sender] INFO: ===== Monitor cycle began =====
2025-07-02 10:54:59,264 [monitor_sender] INFO: Timestamp determined.
2025-07-02 10:54:59,367 [monitor_sender] INFO: No updated issues found.
2025-07-02 10:54:59,368 [monitor_sender] INFO: ===== Monitor cycle finished =====
2025-07-02 10:56:52,663 [monitor_sender] INFO: ===== Monitor cycle began =====
2025-07-02 10:56:52,668 [monitor_sender] INFO: Timestamp determined.
2025-07-02 10:56:52,737 [monitor_sender] INFO: No updated issues found.
2025-07-02 10:56:52,738 [monitor_sender] INFO: ===== Monitor cycle finished =====
2025-07-02 10:58:25,169 [monitor_sender] INFO: ===== Monitor cycle began =====
2025-07-02 10:58:25,174 [monitor_sender] INFO: Timestamp determined.
2025-07-02 10:58:25,243 [monitor_sender] INFO: No updated issues found.
2025-07-02 10:58:25,243 [monitor_sender] INFO: ===== Monitor cycle finished =====
2025-07-02 11:01:12,517 [monitor_sender] INFO: ===== Monitor cycle began =====
2025-07-02 11:01:12,521 [monitor_sender] INFO: Timestamp determined.
2025-07-02 11:01:12,667 [monitor_sender] INFO: No updated issues found.
2025-07-02 11:01:12,667 [monitor_sender] INFO: ===== Monitor cycle finished =====
2025-07-02 11:01:22,019 [monitor_sender] INFO: ===== Monitor cycle began =====
2025-07-02 11:01:22,023 [monitor_sender] INFO: Timestamp determined.
2025-07-02 11:01:22,448 [monitor_sender] INFO: No updated issues found.
2025-07-02 11:01:22,448 [monitor_sender] INFO: ===== Monitor cycle finished =====
2025-07-02 11:02:38,248 [monitor_sender] INFO: ===== Monitor cycle began =====
2025-07-02 11:02:38,253 [monitor_sender] INFO: Timestamp determined.
2025-07-02 11:02:38,320 [monitor_sender] INFO: updated emails found
2025-07-02 11:02:38,321 [monitor_sender] INFO: Last updated time {latest_updated_time} saved
2025-07-02 11:02:38,372 [monitor_sender] INFO: ===== Monitor cycle finished =====
2025-07-02 11:04:11,090 [monitor_sender] INFO: ===== Monitor cycle began =====
2025-07-02 11:04:11,094 [monitor_sender] INFO: Timestamp determined.
2025-07-02 11:04:11,227 [monitor_sender] INFO: updated emails found
2025-07-02 11:04:11,228 [monitor_sender] INFO: Last updated time {latest_updated_time} saved
2025-07-02 11:04:11,333 [monitor_sender] INFO: ===== Monitor cycle finished =====
2025-07-02 11:05:17,901 [monitor_sender] INFO: ===== Monitor cycle began =====
2025-07-02 11:05:17,904 [monitor_sender] INFO: Timestamp determined.
2025-07-02 11:05:17,979 [monitor_sender] INFO: updated emails found
2025-07-02 11:05:17,979 [monitor_sender] INFO: Last updated time {latest_updated_time} saved
2025-07-02 11:05:18,045 [monitor_sender] INFO: ===== Monitor cycle finished =====
2025-07-02 11:06:07,888 [monitor_sender] INFO: ===== Monitor cycle began =====
2025-07-02 11:06:07,891 [monitor_sender] INFO: Timestamp determined.
2025-07-02 11:06:08,133 [monitor_sender] INFO: updated emails found
2025-07-02 11:06:08,134 [monitor_sender] INFO: Last updated time {latest_updated_time} saved
2025-07-02 11:06:08,449 [monitor_sender] INFO: ===== Monitor cycle finished =====
2025-07-02 11:07:10,534 [monitor_sender] INFO: ===== Monitor cycle began =====
2025-07-02 11:07:10,539 [monitor_sender] INFO: Timestamp determined.
2025-07-02 11:07:10,637 [monitor_sender] INFO: updated emails found
2025-07-02 11:07:10,639 [monitor_sender] INFO: Last updated time {latest_updated_time} saved
2025-07-02 11:07:10,720 [monitor_sender] INFO: ===== Monitor cycle finished =====
2025-07-02 11:10:57,874 [monitor_sender] INFO: ===== Monitor cycle began =====
2025-07-02 11:10:57,878 [monitor_sender] INFO: Timestamp determined.
2025-07-02 11:10:57,970 [monitor_sender] INFO: updated emails found
2025-07-02 11:10:57,971 [monitor_sender] INFO: Last updated time {latest_updated_time} saved
2025-07-02 11:10:58,040 [monitor_sender] INFO: ===== Monitor cycle finished =====
